<?xml version="1.0" encoding="UTF-8"?>
<!-- Generated by org.testng.reporters.JUnitXMLReporter -->
<testsuite ignored="0" hostname="DESKTOP-T6VNPJJ" failures="0" tests="3" name="Pixel3" time="71.689" errors="0" timestamp="2021-01-24T14:46:29 IST">
  <testcase classname="com.qa.runners.RunnerBase" name="scenario" time="12.029"/>
  <testcase classname="com.qa.runners.RunnerBase" name="scenario" time="7.613"/>
  <testcase classname="com.qa.runners.RunnerBase" name="scenario" time="11.739"/>
</testsuite> <!-- Pixel3 -->
