<?xml version="1.0" encoding="UTF-8"?>
<!-- Generated by org.testng.reporters.JUnitXMLReporter -->
<testsuite hostname="DESKTOP-T6VNPJJ" ignored="0" name="RedmiNote9" tests="4" failures="0" timestamp="2021-01-23T13:08:55 IST" time="46.346" errors="0">
  <testcase name="scenario" time="7.637" classname="com.qa.runners.RunnerBase"/>
  <testcase name="scenario" time="6.056" classname="com.qa.runners.RunnerBase"/>
  <testcase name="scenario" time="16.435" classname="com.qa.runners.RunnerBase"/>
  <testcase name="scenario" time="10.463" classname="com.qa.runners.RunnerBase"/>
</testsuite> <!-- RedmiNote9 -->
