<?xml version="1.0" encoding="UTF-8" ?>
<testsuite tests="1" failures="0" name="com.qa.runners.MyRunnerTest" time="0.006" errors="1" skipped="0">
  <properties>
[...]
</properties>
  <testcase classname="com.qa.runners.MyRunnerTest" name="initializationError" time="0.006">
    <error message="java.lang.NoClassDefFoundError: io/cucumber/core/plugin/JsonFormatter" type="io.cucumber.core.exception.CucumberException">io.cucumber.core.exception.CucumberException: java.lang.NoClassDefFoundError: io/cucumber/core/plugin/JsonFormatter
	at io.cucumber.core.plugin.PluginFactory.newInstance(PluginFactory.java:85)
	at io.cucumber.core.plugin.PluginFactory.instantiate(PluginFactory.java:68)
	at io.cucumber.core.plugin.PluginFactory.create(PluginFactory.java:55)
	at io.cucumber.core.plugin.Plugins.createPlugins(Plugins.java:48)
	at io.cucumber.core.plugin.Plugins.&lt;init&gt;(Plugins.java:25)
	at io.cucumber.junit.Cucumber.&lt;init&gt;(Cucumber.java:159)
	at sun.reflect.NativeConstructorAccessorImpl.newInstance0(Native Method)
	at sun.reflect.NativeConstructorAccessorImpl.newInstance(NativeConstructorAccessorImpl.java:62)
	at sun.reflect.DelegatingConstructorAccessorImpl.newInstance(DelegatingConstructorAccessorImpl.java:45)
	at java.lang.reflect.Constructor.newInstance(Constructor.java:423)
	at org.junit.internal.builders.AnnotatedBuilder.buildRunner(AnnotatedBuilder.java:104)
	at org.junit.internal.builders.AnnotatedBuilder.runnerForClass(AnnotatedBuilder.java:86)
	at org.junit.runners.model.RunnerBuilder.safeRunnerForClass(RunnerBuilder.java:70)
	at org.junit.internal.builders.AllDefaultPossibilitiesBuilder.runnerForClass(AllDefaultPossibilitiesBuilder.java:37)
	at org.junit.runners.model.RunnerBuilder.safeRunnerForClass(RunnerBuilder.java:70)
	at org.junit.internal.requests.ClassRequest.createRunner(ClassRequest.java:28)
	at org.junit.internal.requests.MemoizingRequest.getRunner(MemoizingRequest.java:19)
	at org.apache.maven.surefire.junit4.JUnit4Provider.execute(JUnit4Provider.java:250)
	at org.apache.maven.surefire.junit4.JUnit4Provider.executeTestSet(JUnit4Provider.java:141)
	at org.apache.maven.surefire.junit4.JUnit4Provider.invoke(JUnit4Provider.java:112)
	at sun.reflect.NativeMethodAccessorImpl.invoke0(Native Method)
	at sun.reflect.NativeMethodAccessorImpl.invoke(NativeMethodAccessorImpl.java:62)
	at sun.reflect.DelegatingMethodAccessorImpl.invoke(DelegatingMethodAccessorImpl.java:43)
	at java.lang.reflect.Method.invoke(Method.java:498)
	at org.apache.maven.surefire.util.ReflectionUtils.invokeMethodWithArray(ReflectionUtils.java:189)
	at org.apache.maven.surefire.booter.ProviderFactory$ProviderProxy.invoke(ProviderFactory.java:165)
	at org.apache.maven.surefire.booter.ProviderFactory.invokeProvider(ProviderFactory.java:85)
	at org.apache.maven.surefire.booter.ForkedBooter.runSuitesInProcess(ForkedBooter.java:115)
	at org.apache.maven.surefire.booter.ForkedBooter.main(ForkedBooter.java:75)
Caused by: java.lang.NoClassDefFoundError: io/cucumber/core/plugin/JsonFormatter
	at de.monochromata.cucumber.report.PrettyReports.createJsonEventListener(PrettyReports.java:57)
	at de.monochromata.cucumber.report.PrettyReports.&lt;init&gt;(PrettyReports.java:38)
	at de.monochromata.cucumber.report.PrettyReports.&lt;init&gt;(PrettyReports.java:34)
	at sun.reflect.NativeConstructorAccessorImpl.newInstance0(Native Method)
	at sun.reflect.NativeConstructorAccessorImpl.newInstance(NativeConstructorAccessorImpl.java:62)
	at sun.reflect.DelegatingConstructorAccessorImpl.newInstance(DelegatingConstructorAccessorImpl.java:45)
	at java.lang.reflect.Constructor.newInstance(Constructor.java:423)
	at io.cucumber.core.plugin.PluginFactory.newInstance(PluginFactory.java:81)
	... 28 more
Caused by: java.lang.ClassNotFoundException: io.cucumber.core.plugin.JsonFormatter
	at java.net.URLClassLoader.findClass(URLClassLoader.java:382)
	at java.lang.ClassLoader.loadClass(ClassLoader.java:418)
	at sun.misc.Launcher$AppClassLoader.loadClass(Launcher.java:355)
	at java.lang.ClassLoader.loadClass(ClassLoader.java:351)
	... 36 more
</error>
  </testcase>
</testsuite>