<?xml version="1.0" encoding="UTF-8"?>
<!-- Generated by org.testng.reporters.JUnitReportReporter -->
<testsuite skipped="0" hostname="DESKTOP-T6VNPJJ" name="com.qa.runners.MyTestNGRunnerTest" tests="3" failures="1" timestamp="2021-01-23T12:03:01 IST" time="47.955" errors="0">
  <testcase name="scenario" time="18.231" classname="com.qa.runners.MyTestNGRunnerTest">
    <failure type="org.junit.ComparisonFailure" message="expected:&lt;[]Username and passwor...&gt; but was:&lt;[s]Username and passwor...&gt;">
      <![CDATA[org.junit.ComparisonFailure: expected:<[]Username and passwor...> but was:<[s]Username and passwor...>
at org.junit.Assert.assertEquals(Assert.java:117)
at org.junit.Assert.assertEquals(Assert.java:146)
at com.qa.stepdef.LoginStepDef.loginShouldFailWithAnError(LoginStepDef.java:28)
at ✽.login should fail with an error "sUsername and password do not match any user in this service."(file:///C:/Users/lenovo/eclipse-workspace/AppiumCucumberTDD/src/test/resources/Login.feature:8)
]]>
    </failure>
  </testcase> <!-- scenario -->
  <system-out/>
  <testcase name="scenario" time="17.896" classname="com.qa.runners.MyTestNGRunnerTest"/>
  <system-out/>
  <testcase name="scenario" time="11.828" classname="com.qa.runners.MyTestNGRunnerTest"/>
  <system-out/>
</testsuite> <!-- com.qa.runners.MyTestNGRunnerTest -->
